2025-11-25T15:40:47: Initializing backup worker...
2025-11-25T15:40:47: Connected to SQLite database
2025-11-25T15:40:47: Database tables created successfully
2025-11-25T15:40:47: Database connected
2025-11-25T15:40:47: Starting backup scheduler...
2025-11-25T15:40:47: Backup scheduler started successfully
2025-11-25T15:40:47: Backup worker started successfully
2025-11-25T15:40:57: Initializing backup worker...
2025-11-25T15:40:57: Connected to SQLite database
2025-11-25T15:40:57: Database tables created successfully
2025-11-25T15:40:57: Database connected
2025-11-25T15:40:57: Starting backup scheduler...
2025-11-25T15:40:57: Backup scheduler started successfully
2025-11-25T15:40:57: Backup worker started successfully
2025-11-25T15:41:01: Initializing backup worker...
2025-11-25T15:41:01: Connected to SQLite database
2025-11-25T15:41:01: Database tables created successfully
2025-11-25T15:41:01: Database connected
2025-11-25T15:41:01: Starting backup scheduler...
2025-11-25T15:41:01: Backup scheduler started successfully
2025-11-25T15:41:01: Backup worker started successfully
2025-11-25T15:49:24: Initializing backup worker...
2025-11-25T15:49:24: Connected to SQLite database
2025-11-25T15:49:24: Database tables created successfully
2025-11-25T15:49:24: Database connected
2025-11-25T15:49:24: Starting backup scheduler...
2025-11-25T15:49:24: Backup scheduler started successfully
2025-11-25T15:49:24: Backup worker started successfully
2025-11-25T15:50:00: Running backup job 1...
2025-11-25T15:53:00: Running backup job 2...
2025-11-25T15:55:00: Running backup job 1...
2025-11-25T15:58:00: Running backup job 2...
2025-11-25T16:00:00: Running backup job 1...
2025-11-25T16:04:00: Running backup job 2...
2025-11-25T16:06:00: Running backup job 1...
2025-11-25T16:10:00: Running backup job 2...
2025-11-25T16:12:00: Running backup job 1...
2025-11-25T16:16:00: Running backup job 2...
2025-11-25T16:18:00: Running backup job 1...
2025-11-25T16:22:00: Running backup job 2...
2025-11-25T16:24:00: Running backup job 1...
2025-11-25T16:27:00: Running backup job 2...
2025-11-25T16:29:00: Running backup job 1...
2025-11-25T16:32:00: Running backup job 2...
2025-11-25T16:34:00: Running backup job 1...
2025-11-25T16:37:00: Running backup job 2...
2025-11-25T16:39:00: Running backup job 1...
2025-11-25T16:42:00: Running backup job 2...
2025-11-25T16:44:00: Running backup job 1...
2025-11-25T16:48:00: Running backup job 2...
2025-11-25T16:50:00: Running backup job 1...
2025-11-25T21:57:58: Initializing backup worker...
2025-11-25T21:57:58: Connected to SQLite database
2025-11-25T21:57:58: Database tables created successfully
2025-11-25T21:57:58: Database connected
2025-11-25T21:57:58: Starting backup scheduler...
2025-11-25T21:57:58: Backup scheduler started successfully
2025-11-25T21:57:58: Backup worker started successfully
2025-11-25T21:58:00: Running backup job 1...
2025-11-25T21:58:00: Running backup job 2...
2025-11-25T22:03:00: Running backup job 1...
2025-11-25T22:03:00: Running backup job 2...
2025-11-25T22:09:00: Running backup job 1...
2025-11-25T22:09:00: Running backup job 2...
2025-11-25T22:14:00: Running backup job 1...
2025-11-25T22:14:00: Running backup job 2...
2025-11-25T22:20:00: Running backup job 1...
2025-11-25T22:20:00: Running backup job 2...
2025-11-25T22:25:00: Running backup job 1...
2025-11-25T22:25:00: Running backup job 2...
2025-11-25T22:31:00: Running backup job 1...
2025-11-25T22:31:00: Running backup job 2...
2025-11-25T22:36:00: Running backup job 1...
2025-11-25T22:36:00: Running backup job 2...
2025-11-25T22:42:00: Running backup job 1...
2025-11-25T22:42:00: Running backup job 2...
2025-11-25T22:47:00: Running backup job 1...
2025-11-25T22:47:00: Running backup job 2...
2025-11-25T22:52:00: Running backup job 2...
2025-11-25T22:53:00: Running backup job 1...
2025-11-25T22:57:00: Running backup job 2...
2025-11-25T22:58:00: Running backup job 1...
2025-11-25T23:02:00: Running backup job 2...
2025-11-25T23:04:00: Running backup job 1...
2025-11-25T23:07:00: Running backup job 2...
2025-11-25T23:09:00: Running backup job 1...
2025-11-25T23:13:00: Running backup job 2...
2025-11-25T23:14:00: Running backup job 1...
2025-11-25T23:18:00: Running backup job 2...
2025-11-25T23:20:00: Running backup job 1...
2025-11-25T23:23:00: Running backup job 2...
2025-11-25T23:25:00: Running backup job 1...
2025-11-25T23:28:00: Running backup job 2...
2025-11-25T23:30:00: Running backup job 1...
2025-11-25T23:34:00: Running backup job 2...
2025-11-25T23:36:00: Running backup job 1...
2025-11-25T23:39:00: Running backup job 2...
2025-11-25T23:41:00: Running backup job 1...
2025-11-30T17:01:05: Inicializando worker de respaldo...
2025-11-30T17:01:05: Conectado a la base de datos SQLite
2025-11-30T17:01:05: Tablas de la base de datos inicializadas
2025-11-30T17:01:05: Base de datos conectada
2025-11-30T17:01:05: Iniciando programador de respaldos...
2025-11-30T17:01:05: Programador de respaldos iniciado exitosamente
2025-11-30T17:01:05: Worker de respaldo iniciado exitosamente
2025-11-30T17:02:00: Ejecutando trabajo de respaldo 1...
2025-11-30T17:02:00: Ejecutando trabajo de respaldo 2...
2025-11-30T17:08:30: Initializing backup worker...
2025-11-30T17:08:30: Connected to SQLite database
2025-11-30T17:08:30: Database tables created successfully
2025-11-30T17:08:30: Database connected
2025-11-30T17:08:30: Starting backup scheduler...
2025-11-30T17:08:30: Backup scheduler started successfully
2025-11-30T17:08:30: Backup worker started successfully
2025-11-30T17:09:24: Initializing backup worker...
2025-11-30T17:09:24: Connected to SQLite database
2025-11-30T17:09:24: Database tables created successfully
2025-11-30T17:09:24: Database connected
2025-11-30T17:09:24: Starting backup scheduler...
2025-11-30T17:09:24: Backup scheduler started successfully
2025-11-30T17:09:24: Backup worker started successfully
2025-11-30T17:11:00: Running backup job 1...
2025-11-30T17:11:00: Running backup job 2...
